<?xml version="1.0" encoding="UTF-8"?>
<!-- Generated by org.testng.reporters.JUnitReportReporter -->
<testsuite skipped="0" hostname="ip-172-31-93-140" name="test.SignUpPageTest" tests="1" failures="0" timestamp="22 Dec 2021 15:16:20 GMT" time="1.889" errors="0">
  <testcase name="signupTest" time="1.889" classname="test.SignUpPageTest"/>
</testsuite> <!-- test.SignUpPageTest -->
